#-----------------------------------------------------------
# Vivado v2017.4 (64-bit)
# SW Build 2086221 on Fri Dec 15 20:55:39 MST 2017
# IP Build 2085800 on Fri Dec 15 22:25:07 MST 2017
# Start of session at: Wed Dec 19 18:11:46 2018
# Process ID: 25336
# Current directory: D:/Study/CODE/Mywork/MyCPU
# Command line: vivado.exe -gui_launcher_event rodinguilauncherevent4668 D:\Study\CODE\Mywork\MyCPU\MyCPU.xpr
# Log file: D:/Study/CODE/Mywork/MyCPU/vivado.log
# Journal file: D:/Study/CODE/Mywork/MyCPU\vivado.jou
#-----------------------------------------------------------
start_gui
open_project D:/Study/CODE/Mywork/MyCPU/MyCPU.xpr
Scanning sources...
Finished scanning sources
INFO: [IP_Flow 19-234] Refreshing IP repositories
INFO: [IP_Flow 19-1704] No user IP repositories specified
INFO: [IP_Flow 19-2313] Loaded Vivado IP repository 'D:/Study/DFE/Vi/Vivado/2017.4/data/ip'.
update_compile_order -fileset sources_1
exit
INFO: [Common 17-206] Exiting Vivado at Wed Dec 19 20:13:34 2018...
