#-----------------------------------------------------------
# Vivado v2017.4 (64-bit)
# SW Build 2086221 on Fri Dec 15 20:55:39 MST 2017
# IP Build 2085800 on Fri Dec 15 22:25:07 MST 2017
# Start of session at: Tue Dec 11 20:27:26 2018
# Process ID: 11444
# Current directory: D:/Study/CODE/Mywork/MyCPU
# Command line: vivado.exe -gui_launcher_event rodinguilauncherevent15312 D:\Study\CODE\Mywork\MyCPU\MyCPU.xpr
# Log file: D:/Study/CODE/Mywork/MyCPU/vivado.log
# Journal file: D:/Study/CODE/Mywork/MyCPU\vivado.jou
#-----------------------------------------------------------
start_gui
open_project D:/Study/CODE/Mywork/MyCPU/MyCPU.xpr
Scanning sources...
Finished scanning sources
INFO: [IP_Flow 19-234] Refreshing IP repositories
INFO: [IP_Flow 19-1704] No user IP repositories specified
INFO: [IP_Flow 19-2313] Loaded Vivado IP repository 'D:/Study/DFE/Vi/Vivado/2017.4/data/ip'.
open_project: Time (s): cpu = 00:00:12 ; elapsed = 00:00:07 . Memory (MB): peak = 731.023 ; gain = 45.969
exit
INFO: [Common 17-206] Exiting Vivado at Tue Dec 11 20:28:02 2018...
