#-----------------------------------------------------------
# Vivado v2017.4 (64-bit)
# SW Build 2086221 on Fri Dec 15 20:55:39 MST 2017
# IP Build 2085800 on Fri Dec 15 22:25:07 MST 2017
# Start of session at: Thu Dec 20 17:39:00 2018
# Process ID: 21860
# Current directory: D:/Study/CODE/Mywork/MulCPU
# Command line: vivado.exe -gui_launcher_event rodinguilauncherevent47428 D:\Study\CODE\Mywork\MulCPU\MulCPU.xpr
# Log file: D:/Study/CODE/Mywork/MulCPU/vivado.log
# Journal file: D:/Study/CODE/Mywork/MulCPU\vivado.jou
#-----------------------------------------------------------
start_gui
open_project D:/Study/CODE/Mywork/MulCPU/MulCPU.xpr
CRITICAL WARNING: [Project 1-19] Could not find the file 'D:/Study/CODE/Mywork/MulCPU/MulCPU.srcs/sources_1/new/ADR.v'.
CRITICAL WARNING: [Project 1-19] Could not find the file 'D:/Study/CODE/Mywork/MulCPU/MulCPU.srcs/sources_1/new/ALU.v'.
CRITICAL WARNING: [Project 1-19] Could not find the file 'D:/Study/CODE/Mywork/MulCPU/MulCPU.srcs/sources_1/new/ALUuotDR.v'.
CRITICAL WARNING: [Project 1-19] Could not find the file 'D:/Study/CODE/Mywork/MulCPU/MulCPU.srcs/sources_1/new/BDR.v'.
CRITICAL WARNING: [Project 1-19] Could not find the file 'D:/Study/CODE/Mywork/MulCPU/MulCPU.srcs/sources_1/new/ControlUnit.v'.
CRITICAL WARNING: [Project 1-19] Could not find the file 'D:/Study/CODE/Mywork/MulCPU/MulCPU.srcs/sources_1/new/DBDR.v'.
CRITICAL WARNING: [Project 1-19] Could not find the file 'D:/Study/CODE/Mywork/MulCPU/MulCPU.srcs/sources_1/new/DataMemory.v'.
CRITICAL WARNING: [Project 1-19] Could not find the file 'D:/Study/CODE/Mywork/MulCPU/MulCPU.srcs/sources_1/new/IR.v'.
CRITICAL WARNING: [Project 1-19] Could not find the file 'D:/Study/CODE/Mywork/MulCPU/MulCPU.srcs/sources_1/new/InstructionMemory.v'.
CRITICAL WARNING: [Project 1-19] Could not find the file 'D:/Study/CODE/Mywork/MulCPU/MulCPU.srcs/sources_1/new/Mux_Threee_To_OneReg.v'.
CRITICAL WARNING: [Project 1-19] Could not find the file 'D:/Study/CODE/Mywork/MulCPU/MulCPU.srcs/sources_1/new/Mux_Two_To_One_A.v'.
CRITICAL WARNING: [Project 1-19] Could not find the file 'D:/Study/CODE/Mywork/MulCPU/MulCPU.srcs/sources_1/new/Mux_Two_To_One_B.v'.
CRITICAL WARNING: [Project 1-19] Could not find the file 'D:/Study/CODE/Mywork/MulCPU/MulCPU.srcs/sources_1/new/NextPC.v'.
CRITICAL WARNING: [Project 1-19] Could not find the file 'D:/Study/CODE/Mywork/MulCPU/MulCPU.srcs/sources_1/new/PC.v'.
CRITICAL WARNING: [Project 1-19] Could not find the file 'D:/Study/CODE/Mywork/MulCPU/MulCPU.srcs/sources_1/new/RegisterFile.v'.
CRITICAL WARNING: [Project 1-19] Could not find the file 'D:/Study/CODE/Mywork/MulCPU/MulCPU.srcs/sources_1/new/Sign_Zero_Extend.v'.
CRITICAL WARNING: [Project 1-19] Could not find the file 'D:/Study/CODE/Mywork/MulCPU/MulCPU.srcs/sources_1/new/WriteSelect.v'.
CRITICAL WARNING: [Project 1-19] Could not find the file 'D:/Study/CODE/Mywork/MulCPU/MulCPU.srcs/sources_1/new/WriteSelect1.v'.
CRITICAL WARNING: [Project 1-19] Could not find the file 'D:/Study/CODE/Mywork/MulCPU/MulCPU.srcs/sources_1/new/RunCPU.v'.
CRITICAL WARNING: [Project 1-19] Could not find the file 'D:/Study/CODE/Mywork/MulCPU/MulCPU.srcs/sim_1/new/GO.v'.
Scanning sources...
Finished scanning sources
WARNING: [Project 1-509] GeneratedRun file for 'synth_1' not found
WARNING: [filemgmt 56-3] IPUserFilesDir: Could not find the directory 'D:/Study/CODE/Mywork/MulCPU/MulCPU.ip_user_files'.
INFO: [IP_Flow 19-234] Refreshing IP repositories
INFO: [IP_Flow 19-1704] No user IP repositories specified
INFO: [IP_Flow 19-2313] Loaded Vivado IP repository 'D:/Study/DFE/Vi/Vivado/2017.4/data/ip'.
update_compile_order -fileset sim_1
update_compile_order -fileset sources_1
exit
INFO: [Common 17-206] Exiting Vivado at Thu Dec 20 17:39:52 2018...
